[16-Mar-2023 13:29:47] NOTICE: fpm is running, pid 32506
[16-Mar-2023 13:29:47] NOTICE: ready to handle connections
[20-Mar-2023 16:29:00] NOTICE: Terminating ...
[20-Mar-2023 16:29:00] NOTICE: Terminating ...
[20-Mar-2023 16:29:00] NOTICE: exiting, bye-bye!
[21-Mar-2023 10:17:34] NOTICE: fpm is running, pid 78263
[21-Mar-2023 10:17:34] NOTICE: ready to handle connections
[21-Mar-2023 11:00:58] NOTICE: Terminating ...
[21-Mar-2023 11:00:58] NOTICE: Terminating ...
[21-Mar-2023 11:00:58] NOTICE: exiting, bye-bye!
[22-Mar-2023 11:02:45] NOTICE: fpm is running, pid 11372
[22-Mar-2023 11:02:45] NOTICE: ready to handle connections
[22-Mar-2023 15:21:56] NOTICE: Terminating ...
[22-Mar-2023 15:21:56] NOTICE: exiting, bye-bye!
[24-Mar-2023 02:19:41] NOTICE: fpm is running, pid 22220
[24-Mar-2023 02:19:41] NOTICE: ready to handle connections
[24-Mar-2023 12:15:38] NOTICE: Terminating ...
[24-Mar-2023 12:15:38] NOTICE: Terminating ...
[24-Mar-2023 12:15:38] NOTICE: exiting, bye-bye!
[24-Mar-2023 14:05:14] NOTICE: fpm is running, pid 7590
[24-Mar-2023 14:05:14] NOTICE: ready to handle connections
[26-Mar-2023 22:14:40] ERROR: unable to bind listening socket for address '/home/lakshayr/.config/Local/run/wdMFW_nOe/php/php-fpm.socket': Address already in use (98)
[26-Mar-2023 22:14:40] NOTICE: fpm is running, pid 19850
[26-Mar-2023 22:14:40] ERROR: FPM initialization failed
[26-Mar-2023 22:14:40] NOTICE: ready to handle connections
[26-Mar-2023 22:14:40] ERROR: Another FPM instance seems to already listen on /home/lakshayr/.config/Local/run/wdMFW_nOe/php/php-fpm.socket
[26-Mar-2023 22:14:40] ERROR: FPM initialization failed
[26-Mar-2023 22:14:41] ERROR: Another FPM instance seems to already listen on /home/lakshayr/.config/Local/run/wdMFW_nOe/php/php-fpm.socket
[26-Mar-2023 22:14:41] ERROR: FPM initialization failed
[26-Mar-2023 22:14:41] ERROR: Another FPM instance seems to already listen on /home/lakshayr/.config/Local/run/wdMFW_nOe/php/php-fpm.socket
[26-Mar-2023 22:14:41] ERROR: FPM initialization failed
[26-Mar-2023 22:29:24] NOTICE: Terminating ...
[26-Mar-2023 22:29:24] NOTICE: Terminating ...
[26-Mar-2023 22:29:24] NOTICE: exiting, bye-bye!
[27-Mar-2023 11:04:02] NOTICE: fpm is running, pid 7072
[27-Mar-2023 11:04:02] NOTICE: ready to handle connections
[28-Mar-2023 12:43:50] NOTICE: Terminating ...
[28-Mar-2023 12:43:51] NOTICE: Terminating ...
[28-Mar-2023 12:43:51] NOTICE: exiting, bye-bye!
[04-Apr-2023 11:44:27] NOTICE: fpm is running, pid 78506
[04-Apr-2023 11:44:27] NOTICE: ready to handle connections
[04-Apr-2023 17:12:48] NOTICE: Terminating ...
[04-Apr-2023 17:12:48] NOTICE: Terminating ...
[04-Apr-2023 17:12:48] NOTICE: exiting, bye-bye!
[05-Apr-2023 10:12:40] NOTICE: fpm is running, pid 4197
[05-Apr-2023 10:12:40] NOTICE: ready to handle connections
[05-Apr-2023 22:05:57] NOTICE: Terminating ...
[05-Apr-2023 22:05:57] NOTICE: Terminating ...
[05-Apr-2023 22:05:57] NOTICE: exiting, bye-bye!
[10-Apr-2023 10:16:02] NOTICE: fpm is running, pid 77320
[10-Apr-2023 10:16:02] NOTICE: ready to handle connections
[10-Apr-2023 17:00:47] NOTICE: Terminating ...
[10-Apr-2023 17:00:49] NOTICE: exiting, bye-bye!
[17-Apr-2023 12:52:38] NOTICE: fpm is running, pid 5861
[17-Apr-2023 12:52:38] NOTICE: ready to handle connections
[17-Apr-2023 17:48:09] NOTICE: Terminating ...
[17-Apr-2023 17:48:09] NOTICE: Terminating ...
[17-Apr-2023 17:48:09] NOTICE: exiting, bye-bye!
[20-Apr-2023 10:27:06] NOTICE: fpm is running, pid 57324
[20-Apr-2023 10:27:06] NOTICE: ready to handle connections
[20-Apr-2023 10:35:33] NOTICE: Terminating ...
[20-Apr-2023 10:35:33] NOTICE: Terminating ...
[20-Apr-2023 10:35:33] NOTICE: exiting, bye-bye!
[20-Apr-2023 10:35:42] NOTICE: fpm is running, pid 58166
[20-Apr-2023 10:35:42] NOTICE: ready to handle connections
[20-Apr-2023 10:48:54] NOTICE: Terminating ...
[20-Apr-2023 10:48:54] NOTICE: Terminating ...
[20-Apr-2023 10:48:54] NOTICE: exiting, bye-bye!
[20-Apr-2023 10:48:59] NOTICE: fpm is running, pid 60020
[20-Apr-2023 10:48:59] NOTICE: ready to handle connections
[20-Apr-2023 12:29:42] NOTICE: Terminating ...
[20-Apr-2023 12:29:42] NOTICE: Terminating ...
[20-Apr-2023 12:29:42] NOTICE: exiting, bye-bye!
[20-Apr-2023 12:29:55] NOTICE: fpm is running, pid 63904
[20-Apr-2023 12:29:55] NOTICE: ready to handle connections
[20-Apr-2023 15:04:19] NOTICE: Terminating ...
[20-Apr-2023 15:04:19] NOTICE: Terminating ...
[20-Apr-2023 15:04:20] NOTICE: exiting, bye-bye!
[20-Apr-2023 17:38:58] NOTICE: fpm is running, pid 76195
[20-Apr-2023 17:38:59] NOTICE: ready to handle connections
[21-Apr-2023 00:40:34] NOTICE: Terminating ...
[21-Apr-2023 00:40:34] NOTICE: Terminating ...
[21-Apr-2023 00:40:34] NOTICE: exiting, bye-bye!
[24-Apr-2023 13:51:58] NOTICE: fpm is running, pid 157163
[24-Apr-2023 13:51:58] NOTICE: ready to handle connections
[24-Apr-2023 15:17:20] NOTICE: Terminating ...
[24-Apr-2023 15:17:20] NOTICE: Terminating ...
[24-Apr-2023 15:17:20] NOTICE: exiting, bye-bye!
[24-Apr-2023 15:18:09] NOTICE: fpm is running, pid 162801
[24-Apr-2023 15:18:09] NOTICE: ready to handle connections
[24-Apr-2023 22:13:18] NOTICE: Terminating ...
[24-Apr-2023 22:13:18] NOTICE: Terminating ...
[24-Apr-2023 22:13:18] NOTICE: exiting, bye-bye!
[25-Apr-2023 11:06:55] NOTICE: fpm is running, pid 179103
[25-Apr-2023 11:06:55] NOTICE: ready to handle connections
